Analysis & Synthesis report for number
Wed Jun 15 20:12:58 2016
Quartus II Version 9.1 Build 350 03/24/2010 Service Pack 2 SJ Web Edition


---------------------
; Table of Contents ;
---------------------
  1. Legal Notice
  2. Analysis & Synthesis Summary
  3. Analysis & Synthesis Settings
  4. Parallel Compilation
  5. Analysis & Synthesis Source Files Read
  6. Analysis & Synthesis Resource Usage Summary
  7. Analysis & Synthesis Resource Utilization by Entity
  8. Registers Removed During Synthesis
  9. General Register Statistics
 10. Multiplexer Restructuring Statistics (Restructuring Performed)
 11. Parameter Settings for Inferred Entity Instance: bin_to_dec1:w|lpm_divide:Mod0
 12. Parameter Settings for Inferred Entity Instance: bin_to_dec1:w|lpm_divide:Div1
 13. Analysis & Synthesis Messages



----------------
; Legal Notice ;
----------------
Copyright (C) 1991-2010 Altera Corporation
Your use of Altera Corporation's design tools, logic functions 
and other software and tools, and its AMPP partner logic 
functions, and any output files from any of the foregoing 
(including device programming or simulation files), and any 
associated documentation or information are expressly subject 
to the terms and conditions of the Altera Program License 
Subscription Agreement, Altera MegaCore Function License 
Agreement, or other applicable license agreement, including, 
without limitation, that your use is for the sole purpose of 
programming logic devices manufactured by Altera and sold by 
Altera or its authorized distributors.  Please refer to the 
applicable agreement for further details.



+-----------------------------------------------------------------------------------+
; Analysis & Synthesis Summary                                                      ;
+------------------------------------+----------------------------------------------+
; Analysis & Synthesis Status        ; Successful - Wed Jun 15 20:12:58 2016        ;
; Quartus II Version                 ; 9.1 Build 350 03/24/2010 SP 2 SJ Web Edition ;
; Revision Name                      ; number                                       ;
; Top-level Entity Name              ; number                                       ;
; Family                             ; Cyclone III                                  ;
; Total logic elements               ; 106                                          ;
;     Total combinational functions  ; 106                                          ;
;     Dedicated logic registers      ; 6                                            ;
; Total registers                    ; 6                                            ;
; Total pins                         ; 49                                           ;
; Total virtual pins                 ; 0                                            ;
; Total memory bits                  ; 0                                            ;
; Embedded Multiplier 9-bit elements ; 0                                            ;
; Total PLLs                         ; 0                                            ;
+------------------------------------+----------------------------------------------+


+----------------------------------------------------------------------------------------------------------------------+
; Analysis & Synthesis Settings                                                                                        ;
+----------------------------------------------------------------------------+--------------------+--------------------+
; Option                                                                     ; Setting            ; Default Value      ;
+----------------------------------------------------------------------------+--------------------+--------------------+
; Device                                                                     ; EP3C16F484C6       ;                    ;
; Top-level entity name                                                      ; number             ; number             ;
; Family name                                                                ; Cyclone III        ; Stratix II         ;
; Type of Retiming Performed During Resynthesis                              ; Full               ;                    ;
; Resynthesis Optimization Effort                                            ; Normal             ;                    ;
; Physical Synthesis Level for Resynthesis                                   ; Normal             ;                    ;
; Use Generated Physical Constraints File                                    ; On                 ;                    ;
; Use smart compilation                                                      ; Off                ; Off                ;
; Enable parallel Assembler and TimeQuest Timing Analyzer during compilation ; On                 ; On                 ;
; Enable compact report table                                                ; Off                ; Off                ;
; Restructure Multiplexers                                                   ; Auto               ; Auto               ;
; Create Debugging Nodes for IP Cores                                        ; Off                ; Off                ;
; Preserve fewer node names                                                  ; On                 ; On                 ;
; Disable OpenCore Plus hardware evaluation                                  ; Off                ; Off                ;
; Verilog Version                                                            ; Verilog_2001       ; Verilog_2001       ;
; VHDL Version                                                               ; VHDL_1993          ; VHDL_1993          ;
; State Machine Processing                                                   ; Auto               ; Auto               ;
; Safe State Machine                                                         ; Off                ; Off                ;
; Extract Verilog State Machines                                             ; On                 ; On                 ;
; Extract VHDL State Machines                                                ; On                 ; On                 ;
; Ignore Verilog initial constructs                                          ; Off                ; Off                ;
; Iteration limit for constant Verilog loops                                 ; 5000               ; 5000               ;
; Iteration limit for non-constant Verilog loops                             ; 250                ; 250                ;
; Add Pass-Through Logic to Inferred RAMs                                    ; On                 ; On                 ;
; Parallel Synthesis                                                         ; On                 ; On                 ;
; DSP Block Balancing                                                        ; Auto               ; Auto               ;
; NOT Gate Push-Back                                                         ; On                 ; On                 ;
; Power-Up Don't Care                                                        ; On                 ; On                 ;
; Remove Redundant Logic Cells                                               ; Off                ; Off                ;
; Remove Duplicate Registers                                                 ; On                 ; On                 ;
; Ignore CARRY Buffers                                                       ; Off                ; Off                ;
; Ignore CASCADE Buffers                                                     ; Off                ; Off                ;
; Ignore GLOBAL Buffers                                                      ; Off                ; Off                ;
; Ignore ROW GLOBAL Buffers                                                  ; Off                ; Off                ;
; Ignore LCELL Buffers                                                       ; Off                ; Off                ;
; Ignore SOFT Buffers                                                        ; On                 ; On                 ;
; Limit AHDL Integers to 32 Bits                                             ; Off                ; Off                ;
; Optimization Technique                                                     ; Balanced           ; Balanced           ;
; Carry Chain Length                                                         ; 70                 ; 70                 ;
; Auto Carry Chains                                                          ; On                 ; On                 ;
; Auto Open-Drain Pins                                                       ; On                 ; On                 ;
; Perform WYSIWYG Primitive Resynthesis                                      ; Off                ; Off                ;
; Auto ROM Replacement                                                       ; On                 ; On                 ;
; Auto RAM Replacement                                                       ; On                 ; On                 ;
; Auto DSP Block Replacement                                                 ; On                 ; On                 ;
; Auto Shift Register Replacement                                            ; Auto               ; Auto               ;
; Auto Clock Enable Replacement                                              ; On                 ; On                 ;
; Strict RAM Replacement                                                     ; Off                ; Off                ;
; Allow Synchronous Control Signals                                          ; On                 ; On                 ;
; Force Use of Synchronous Clear Signals                                     ; Off                ; Off                ;
; Auto RAM Block Balancing                                                   ; On                 ; On                 ;
; Auto RAM to Logic Cell Conversion                                          ; Off                ; Off                ;
; Auto Resource Sharing                                                      ; Off                ; Off                ;
; Allow Any RAM Size For Recognition                                         ; Off                ; Off                ;
; Allow Any ROM Size For Recognition                                         ; Off                ; Off                ;
; Allow Any Shift Register Size For Recognition                              ; Off                ; Off                ;
; Use LogicLock Constraints during Resource Balancing                        ; On                 ; On                 ;
; Ignore translate_off and synthesis_off directives                          ; Off                ; Off                ;
; Timing-Driven Synthesis                                                    ; On                 ; On                 ;
; Show Parameter Settings Tables in Synthesis Report                         ; On                 ; On                 ;
; Ignore Maximum Fan-Out Assignments                                         ; Off                ; Off                ;
; Synchronization Register Chain Length                                      ; 2                  ; 2                  ;
; PowerPlay Power Optimization                                               ; Normal compilation ; Normal compilation ;
; HDL message level                                                          ; Level2             ; Level2             ;
; Suppress Register Optimization Related Messages                            ; Off                ; Off                ;
; Number of Removed Registers Reported in Synthesis Report                   ; 5000               ; 5000               ;
; Number of Inverted Registers Reported in Synthesis Report                  ; 100                ; 100                ;
; Clock MUX Protection                                                       ; On                 ; On                 ;
; Auto Gated Clock Conversion                                                ; Off                ; Off                ;
; Block Design Naming                                                        ; Auto               ; Auto               ;
; SDC constraint protection                                                  ; Off                ; Off                ;
; Synthesis Effort                                                           ; Auto               ; Auto               ;
; Shift Register Replacement - Allow Asynchronous Clear Signal               ; On                 ; On                 ;
; Analysis & Synthesis Message Level                                         ; Medium             ; Medium             ;
; Disable Register Merging Across Hierarchies                                ; Auto               ; Auto               ;
; Resource Aware Inference For Block RAM                                     ; On                 ; On                 ;
+----------------------------------------------------------------------------+--------------------+--------------------+


Parallel compilation was disabled, but you have multiple processors available. Enable parallel compilation to reduce compilation time.
+-------------------------------------+
; Parallel Compilation                ;
+----------------------------+--------+
; Processors                 ; Number ;
+----------------------------+--------+
; Number detected on machine ; 2      ;
; Maximum allowed            ; 1      ;
+----------------------------+--------+


+------------------------------------------------------------------------------------------------------------------------------------------------------------+
; Analysis & Synthesis Source Files Read                                                                                                                     ;
+----------------------------------+-----------------+------------------------------+------------------------------------------------------------------------+
; File Name with User-Entered Path ; Used in Netlist ; File Type                    ; File Name with Absolute Path                                           ;
+----------------------------------+-----------------+------------------------------+------------------------------------------------------------------------+
; number.v                         ; yes             ; Auto-Found Verilog HDL File  ; C:/Users/©û¬À/Desktop/final (2)/final/final/number.v                   ;
; lpm_divide.tdf                   ; yes             ; Megafunction                 ; d:/quartus/libraries/megafunctions/lpm_divide.tdf                      ;
; db/lpm_divide_d8m.tdf            ; yes             ; Auto-Generated Megafunction  ; C:/Users/©û¬À/Desktop/final (2)/final/final/db/lpm_divide_d8m.tdf      ;
; db/sign_div_unsign_bkh.tdf       ; yes             ; Auto-Generated Megafunction  ; C:/Users/©û¬À/Desktop/final (2)/final/final/db/sign_div_unsign_bkh.tdf ;
; db/alt_u_div_13f.tdf             ; yes             ; Auto-Generated Megafunction  ; C:/Users/©û¬À/Desktop/final (2)/final/final/db/alt_u_div_13f.tdf       ;
; db/add_sub_unc.tdf               ; yes             ; Auto-Generated Megafunction  ; C:/Users/©û¬À/Desktop/final (2)/final/final/db/add_sub_unc.tdf         ;
; db/add_sub_vnc.tdf               ; yes             ; Auto-Generated Megafunction  ; C:/Users/©û¬À/Desktop/final (2)/final/final/db/add_sub_vnc.tdf         ;
; db/lpm_divide_agm.tdf            ; yes             ; Auto-Generated Megafunction  ; C:/Users/©û¬À/Desktop/final (2)/final/final/db/lpm_divide_agm.tdf      ;
+----------------------------------+-----------------+------------------------------+------------------------------------------------------------------------+


+---------------------------------------------------------------------------------------------------------------------------------------------------------------------------------------+
; Analysis & Synthesis Resource Usage Summary                                                                                                                                           ;
+---------------------------------------------+-----------------------------------------------------------------------------------------------------------------------------------------+
; Resource                                    ; Usage                                                                                                                                   ;
+---------------------------------------------+-----------------------------------------------------------------------------------------------------------------------------------------+
; Estimated Total logic elements              ; 106                                                                                                                                     ;
;                                             ;                                                                                                                                         ;
; Total combinational functions               ; 106                                                                                                                                     ;
; Logic element usage by number of LUT inputs ;                                                                                                                                         ;
;     -- 4 input functions                    ; 36                                                                                                                                      ;
;     -- 3 input functions                    ; 18                                                                                                                                      ;
;     -- <=2 input functions                  ; 52                                                                                                                                      ;
;                                             ;                                                                                                                                         ;
; Logic elements by mode                      ;                                                                                                                                         ;
;     -- normal mode                          ; 82                                                                                                                                      ;
;     -- arithmetic mode                      ; 24                                                                                                                                      ;
;                                             ;                                                                                                                                         ;
; Total registers                             ; 6                                                                                                                                       ;
;     -- Dedicated logic registers            ; 6                                                                                                                                       ;
;     -- I/O registers                        ; 0                                                                                                                                       ;
;                                             ;                                                                                                                                         ;
; I/O pins                                    ; 49                                                                                                                                      ;
; Maximum fan-out node                        ; bin_to_dec1:w|lpm_divide:Div1|lpm_divide_agm:auto_generated|sign_div_unsign_bkh:divider|alt_u_div_13f:divider|add_sub_5_result_int[5]~8 ;
; Maximum fan-out                             ; 12                                                                                                                                      ;
; Total fan-out                               ; 385                                                                                                                                     ;
; Average fan-out                             ; 1.83                                                                                                                                    ;
+---------------------------------------------+-----------------------------------------------------------------------------------------------------------------------------------------+


+----------------------------------------------------------------------------------------------------------------------------------------------------------------------------------------------------------------------------------------------------------------------------------------------+
; Analysis & Synthesis Resource Utilization by Entity                                                                                                                                                                                                                                          ;
+-------------------------------------------+-------------------+--------------+-------------+--------------+---------+-----------+------+--------------+-----------------------------------------------------------------------------------------------------------------------+--------------+
; Compilation Hierarchy Node                ; LC Combinationals ; LC Registers ; Memory Bits ; DSP Elements ; DSP 9x9 ; DSP 18x18 ; Pins ; Virtual Pins ; Full Hierarchy Name                                                                                                   ; Library Name ;
+-------------------------------------------+-------------------+--------------+-------------+--------------+---------+-----------+------+--------------+-----------------------------------------------------------------------------------------------------------------------+--------------+
; |number                                   ; 106 (0)           ; 6 (0)        ; 0           ; 0            ; 0       ; 0         ; 49   ; 0            ; |number                                                                                                               ; work         ;
;    |LFSR:s3|                              ; 7 (7)             ; 6 (6)        ; 0           ; 0            ; 0       ; 0         ; 0    ; 0            ; |number|LFSR:s3                                                                                                       ;              ;
;    |answer:comb_3|                        ; 18 (18)           ; 0 (0)        ; 0           ; 0            ; 0       ; 0         ; 0    ; 0            ; |number|answer:comb_3                                                                                                 ;              ;
;    |bin_to_dec1:w|                        ; 65 (0)            ; 0 (0)        ; 0           ; 0            ; 0       ; 0         ; 0    ; 0            ; |number|bin_to_dec1:w                                                                                                 ;              ;
;       |lpm_divide:Div1|                   ; 31 (0)            ; 0 (0)        ; 0           ; 0            ; 0       ; 0         ; 0    ; 0            ; |number|bin_to_dec1:w|lpm_divide:Div1                                                                                 ;              ;
;          |lpm_divide_agm:auto_generated|  ; 31 (0)            ; 0 (0)        ; 0           ; 0            ; 0       ; 0         ; 0    ; 0            ; |number|bin_to_dec1:w|lpm_divide:Div1|lpm_divide_agm:auto_generated                                                   ;              ;
;             |sign_div_unsign_bkh:divider| ; 31 (0)            ; 0 (0)        ; 0           ; 0            ; 0       ; 0         ; 0    ; 0            ; |number|bin_to_dec1:w|lpm_divide:Div1|lpm_divide_agm:auto_generated|sign_div_unsign_bkh:divider                       ;              ;
;                |alt_u_div_13f:divider|    ; 31 (31)           ; 0 (0)        ; 0           ; 0            ; 0       ; 0         ; 0    ; 0            ; |number|bin_to_dec1:w|lpm_divide:Div1|lpm_divide_agm:auto_generated|sign_div_unsign_bkh:divider|alt_u_div_13f:divider ;              ;
;       |lpm_divide:Mod0|                   ; 34 (0)            ; 0 (0)        ; 0           ; 0            ; 0       ; 0         ; 0    ; 0            ; |number|bin_to_dec1:w|lpm_divide:Mod0                                                                                 ;              ;
;          |lpm_divide_d8m:auto_generated|  ; 34 (0)            ; 0 (0)        ; 0           ; 0            ; 0       ; 0         ; 0    ; 0            ; |number|bin_to_dec1:w|lpm_divide:Mod0|lpm_divide_d8m:auto_generated                                                   ;              ;
;             |sign_div_unsign_bkh:divider| ; 34 (0)            ; 0 (0)        ; 0           ; 0            ; 0       ; 0         ; 0    ; 0            ; |number|bin_to_dec1:w|lpm_divide:Mod0|lpm_divide_d8m:auto_generated|sign_div_unsign_bkh:divider                       ;              ;
;                |alt_u_div_13f:divider|    ; 34 (34)           ; 0 (0)        ; 0           ; 0            ; 0       ; 0         ; 0    ; 0            ; |number|bin_to_dec1:w|lpm_divide:Mod0|lpm_divide_d8m:auto_generated|sign_div_unsign_bkh:divider|alt_u_div_13f:divider ;              ;
;    |display1:three|                       ; 1 (1)             ; 0 (0)        ; 0           ; 0            ; 0       ; 0         ; 0    ; 0            ; |number|display1:three                                                                                                ;              ;
;    |display1:two|                         ; 1 (1)             ; 0 (0)        ; 0           ; 0            ; 0       ; 0         ; 0    ; 0            ; |number|display1:two                                                                                                  ;              ;
;    |display:threeone|                     ; 7 (7)             ; 0 (0)        ; 0           ; 0            ; 0       ; 0         ; 0    ; 0            ; |number|display:threeone                                                                                              ;              ;
;    |display:twothree|                     ; 7 (7)             ; 0 (0)        ; 0           ; 0            ; 0       ; 0         ; 0    ; 0            ; |number|display:twothree                                                                                              ;              ;
+-------------------------------------------+-------------------+--------------+-------------+--------------+---------+-----------+------+--------------+-----------------------------------------------------------------------------------------------------------------------+--------------+
Note: For table entries with two numbers listed, the numbers in parentheses indicate the number of resources of the given type used by the specific entity alone. The numbers listed outside of parentheses indicate the total resources of the given type used by the specific entity and all of its sub-entities in the hierarchy.


+--------------------------------------------------------------------------------+
; Registers Removed During Synthesis                                             ;
+---------------------------------------+----------------------------------------+
; Register name                         ; Reason for Removal                     ;
+---------------------------------------+----------------------------------------+
; LFSR:s3|out[7]                        ; Merged with LFSR:s3|out[6]             ;
; LFSR:s3|out[6]                        ; Stuck at GND due to stuck port data_in ;
; Total Number of Removed Registers = 2 ;                                        ;
+---------------------------------------+----------------------------------------+


+------------------------------------------------------+
; General Register Statistics                          ;
+----------------------------------------------+-------+
; Statistic                                    ; Value ;
+----------------------------------------------+-------+
; Total registers                              ; 6     ;
; Number of registers using Synchronous Clear  ; 0     ;
; Number of registers using Synchronous Load   ; 0     ;
; Number of registers using Asynchronous Clear ; 0     ;
; Number of registers using Asynchronous Load  ; 0     ;
; Number of registers using Clock Enable       ; 6     ;
; Number of registers using Preset             ; 0     ;
+----------------------------------------------+-------+


+------------------------------------------------------------------------------------------------------------------------------------------+
; Multiplexer Restructuring Statistics (Restructuring Performed)                                                                           ;
+--------------------+-----------+---------------+----------------------+------------------------+------------+----------------------------+
; Multiplexer Inputs ; Bus Width ; Baseline Area ; Area if Restructured ; Saving if Restructured ; Registered ; Example Multiplexer Output ;
+--------------------+-----------+---------------+----------------------+------------------------+------------+----------------------------+
; 4:1                ; 6 bits    ; 12 LEs        ; 6 LEs                ; 6 LEs                  ; Yes        ; |number|LFSR:s3|out[5]     ;
+--------------------+-----------+---------------+----------------------+------------------------+------------+----------------------------+


+--------------------------------------------------------------------------------+
; Parameter Settings for Inferred Entity Instance: bin_to_dec1:w|lpm_divide:Mod0 ;
+------------------------+----------------+--------------------------------------+
; Parameter Name         ; Value          ; Type                                 ;
+------------------------+----------------+--------------------------------------+
; LPM_WIDTHN             ; 8              ; Untyped                              ;
; LPM_WIDTHD             ; 4              ; Untyped                              ;
; LPM_NREPRESENTATION    ; UNSIGNED       ; Untyped                              ;
; LPM_DREPRESENTATION    ; UNSIGNED       ; Untyped                              ;
; LPM_PIPELINE           ; 0              ; Untyped                              ;
; LPM_REMAINDERPOSITIVE  ; TRUE           ; Untyped                              ;
; MAXIMIZE_SPEED         ; 5              ; Untyped                              ;
; CBXI_PARAMETER         ; lpm_divide_d8m ; Untyped                              ;
; CARRY_CHAIN            ; MANUAL         ; Untyped                              ;
; OPTIMIZE_FOR_SPEED     ; 5              ; Untyped                              ;
; AUTO_CARRY_CHAINS      ; ON             ; AUTO_CARRY                           ;
; IGNORE_CARRY_BUFFERS   ; OFF            ; IGNORE_CARRY                         ;
; AUTO_CASCADE_CHAINS    ; ON             ; AUTO_CASCADE                         ;
; IGNORE_CASCADE_BUFFERS ; OFF            ; IGNORE_CASCADE                       ;
+------------------------+----------------+--------------------------------------+
Note: In order to hide this table in the UI and the text report file, please set the "Show Parameter Settings Tables in Synthesis Report" option in "Analysis and Synthesis Settings -> More Settings" to "Off".


+--------------------------------------------------------------------------------+
; Parameter Settings for Inferred Entity Instance: bin_to_dec1:w|lpm_divide:Div1 ;
+------------------------+----------------+--------------------------------------+
; Parameter Name         ; Value          ; Type                                 ;
+------------------------+----------------+--------------------------------------+
; LPM_WIDTHN             ; 8              ; Untyped                              ;
; LPM_WIDTHD             ; 4              ; Untyped                              ;
; LPM_NREPRESENTATION    ; UNSIGNED       ; Untyped                              ;
; LPM_DREPRESENTATION    ; UNSIGNED       ; Untyped                              ;
; LPM_PIPELINE           ; 0              ; Untyped                              ;
; LPM_REMAINDERPOSITIVE  ; TRUE           ; Untyped                              ;
; MAXIMIZE_SPEED         ; 5              ; Untyped                              ;
; CBXI_PARAMETER         ; lpm_divide_agm ; Untyped                              ;
; CARRY_CHAIN            ; MANUAL         ; Untyped                              ;
; OPTIMIZE_FOR_SPEED     ; 5              ; Untyped                              ;
; AUTO_CARRY_CHAINS      ; ON             ; AUTO_CARRY                           ;
; IGNORE_CARRY_BUFFERS   ; OFF            ; IGNORE_CARRY                         ;
; AUTO_CASCADE_CHAINS    ; ON             ; AUTO_CASCADE                         ;
; IGNORE_CASCADE_BUFFERS ; OFF            ; IGNORE_CASCADE                       ;
+------------------------+----------------+--------------------------------------+
Note: In order to hide this table in the UI and the text report file, please set the "Show Parameter Settings Tables in Synthesis Report" option in "Analysis and Synthesis Settings -> More Settings" to "Off".


+-------------------------------+
; Analysis & Synthesis Messages ;
+-------------------------------+
Info: *******************************************************************
Info: Running Quartus II Analysis & Synthesis
    Info: Version 9.1 Build 350 03/24/2010 Service Pack 2 SJ Web Edition
    Info: Processing started: Wed Jun 15 20:12:56 2016
Info: Command: quartus_map --read_settings_files=on --write_settings_files=off number -c number
Warning (10263): Verilog HDL Event Control warning at number.v(98): event expression contains "|" or "||"
Warning: Using design file number.v, which is not specified as a design file for the current project, but contains definitions for 7 design units and 7 entities in project
    Info: Found entity 1: display
    Info: Found entity 2: LFSR
    Info: Found entity 3: bin_to_dec
    Info: Found entity 4: display1
    Info: Found entity 5: bin_to_dec1
    Info: Found entity 6: answer
    Info: Found entity 7: number
Critical Warning (10846): Verilog HDL Instantiation warning at number.v(181): instance has no name
Info: Elaborating entity "number" for the top level hierarchy
Warning (10034): Output port "dec" at number.v(172) has no driver
Info: Elaborating entity "LFSR" for hierarchy "LFSR:s3"
Info: Elaborating entity "bin_to_dec1" for hierarchy "bin_to_dec1:w"
Warning (10230): Verilog HDL assignment warning at number.v(79): truncated value with size 8 to match size of target (4)
Warning (10230): Verilog HDL assignment warning at number.v(80): truncated value with size 8 to match size of target (4)
Info: Elaborating entity "display" for hierarchy "display:threeone"
Info: Elaborating entity "answer" for hierarchy "answer:comb_3"
Warning (10230): Verilog HDL assignment warning at number.v(106): truncated value with size 32 to match size of target (2)
Warning (10230): Verilog HDL assignment warning at number.v(110): truncated value with size 32 to match size of target (2)
Warning (10230): Verilog HDL assignment warning at number.v(117): truncated value with size 32 to match size of target (2)
Warning (10230): Verilog HDL assignment warning at number.v(121): truncated value with size 32 to match size of target (2)
Warning (10230): Verilog HDL assignment warning at number.v(127): truncated value with size 32 to match size of target (2)
Warning (10230): Verilog HDL assignment warning at number.v(131): truncated value with size 32 to match size of target (2)
Info: Elaborating entity "display1" for hierarchy "display1:three"
Warning (10199): Verilog HDL Case Statement warning at number.v(64): case item expression never matches the case expression
Warning (10199): Verilog HDL Case Statement warning at number.v(65): case item expression never matches the case expression
Warning (10199): Verilog HDL Case Statement warning at number.v(66): case item expression never matches the case expression
Warning (10199): Verilog HDL Case Statement warning at number.v(67): case item expression never matches the case expression
Warning (10199): Verilog HDL Case Statement warning at number.v(68): case item expression never matches the case expression
Warning (10199): Verilog HDL Case Statement warning at number.v(69): case item expression never matches the case expression
Warning (10199): Verilog HDL Case Statement warning at number.v(70): case item expression never matches the case expression
Info: Inferred 2 megafunctions from design logic
    Info: Inferred divider/modulo megafunction ("lpm_divide") from the following logic: "bin_to_dec1:w|Mod0"
    Info: Inferred divider/modulo megafunction ("lpm_divide") from the following logic: "bin_to_dec1:w|Div1"
Info: Elaborated megafunction instantiation "bin_to_dec1:w|lpm_divide:Mod0"
Info: Instantiated megafunction "bin_to_dec1:w|lpm_divide:Mod0" with the following parameter:
    Info: Parameter "LPM_WIDTHN" = "8"
    Info: Parameter "LPM_WIDTHD" = "4"
    Info: Parameter "LPM_NREPRESENTATION" = "UNSIGNED"
    Info: Parameter "LPM_DREPRESENTATION" = "UNSIGNED"
Info: Found 1 design units, including 1 entities, in source file db/lpm_divide_d8m.tdf
    Info: Found entity 1: lpm_divide_d8m
Info: Found 1 design units, including 1 entities, in source file db/sign_div_unsign_bkh.tdf
    Info: Found entity 1: sign_div_unsign_bkh
Info: Found 1 design units, including 1 entities, in source file db/alt_u_div_13f.tdf
    Info: Found entity 1: alt_u_div_13f
Info: Found 1 design units, including 1 entities, in source file db/add_sub_unc.tdf
    Info: Found entity 1: add_sub_unc
Info: Found 1 design units, including 1 entities, in source file db/add_sub_vnc.tdf
    Info: Found entity 1: add_sub_vnc
Info: Elaborated megafunction instantiation "bin_to_dec1:w|lpm_divide:Div1"
Info: Instantiated megafunction "bin_to_dec1:w|lpm_divide:Div1" with the following parameter:
    Info: Parameter "LPM_WIDTHN" = "8"
    Info: Parameter "LPM_WIDTHD" = "4"
    Info: Parameter "LPM_NREPRESENTATION" = "UNSIGNED"
    Info: Parameter "LPM_DREPRESENTATION" = "UNSIGNED"
Info: Found 1 design units, including 1 entities, in source file db/lpm_divide_agm.tdf
    Info: Found entity 1: lpm_divide_agm
Warning: Output pins are stuck at VCC or GND
    Warning (13410): Pin "seg[0]" is stuck at VCC
    Warning (13410): Pin "seg[6]" is stuck at GND
    Warning (13410): Pin "seg[8]" is stuck at VCC
    Warning (13410): Pin "seg[14]" is stuck at GND
    Warning (13410): Pin "seg[16]" is stuck at VCC
    Warning (13410): Pin "seg[24]" is stuck at VCC
    Warning (13410): Pin "dec" is stuck at GND
Info: Timing-Driven Synthesis is running
Warning: Design contains 1 input pin(s) that do not drive logic
    Warning (15610): No output dependent on input pin "sure"
Info: Implemented 155 device resources after synthesis - the final resource count might be different
    Info: Implemented 12 input pins
    Info: Implemented 37 output pins
    Info: Implemented 106 logic cells
Info: Quartus II Analysis & Synthesis was successful. 0 errors, 29 warnings
    Info: Peak virtual memory: 216 megabytes
    Info: Processing ended: Wed Jun 15 20:12:58 2016
    Info: Elapsed time: 00:00:02
    Info: Total CPU time (on all processors): 00:00:02


