Flow report for s1031449_lab3
Wed Mar 09 21:08:24 2016
Quartus II Version 9.1 Build 304 01/25/2010 Service Pack 1 SJ Web Edition


---------------------
; Table of Contents ;
---------------------
  1. Legal Notice
  2. Flow Summary
  3. Flow Settings
  4. Flow Non-Default Global Settings
  5. Flow Elapsed Time
  6. Flow OS Summary
  7. Flow Log



----------------
; Legal Notice ;
----------------
Copyright (C) 1991-2010 Altera Corporation
Your use of Altera Corporation's design tools, logic functions 
and other software and tools, and its AMPP partner logic 
functions, and any output files from any of the foregoing 
(including device programming or simulation files), and any 
associated documentation or information are expressly subject 
to the terms and conditions of the Altera Program License 
Subscription Agreement, Altera MegaCore Function License 
Agreement, or other applicable license agreement, including, 
without limitation, that your use is for the sole purpose of 
programming logic devices manufactured by Altera and sold by 
Altera or its authorized distributors.  Please refer to the 
applicable agreement for further details.



+-----------------------------------------------------------------------------------+
; Flow Summary                                                                      ;
+------------------------------------+----------------------------------------------+
; Flow Status                        ; Successful - Wed Mar 09 21:08:24 2016        ;
; Quartus II Version                 ; 9.1 Build 304 01/25/2010 SP 1 SJ Web Edition ;
; Revision Name                      ; s1031449_lab3                                ;
; Top-level Entity Name              ; s1031449_lab3                                ;
; Family                             ; Cyclone III                                  ;
; Device                             ; EP3C16F484C6                                 ;
; Timing Models                      ; Final                                        ;
; Met timing requirements            ; N/A                                          ;
; Total logic elements               ; 6 / 15,408 ( < 1 % )                         ;
;     Total combinational functions  ; 1 / 15,408 ( < 1 % )                         ;
;     Dedicated logic registers      ; 6 / 15,408 ( < 1 % )                         ;
; Total registers                    ; 6                                            ;
; Total pins                         ; 9 / 347 ( 3 % )                              ;
; Total virtual pins                 ; 0                                            ;
; Total memory bits                  ; 0 / 516,096 ( 0 % )                          ;
; Embedded Multiplier 9-bit elements ; 0 / 112 ( 0 % )                              ;
; Total PLLs                         ; 0 / 4 ( 0 % )                                ;
+------------------------------------+----------------------------------------------+


+-----------------------------------------+
; Flow Settings                           ;
+-------------------+---------------------+
; Option            ; Setting             ;
+-------------------+---------------------+
; Start date & time ; 03/09/2016 21:08:15 ;
; Main task         ; Compilation         ;
; Revision Name     ; s1031449_lab3       ;
+-------------------+---------------------+


+---------------------------------------------------------------------------------------------------------------------------+
; Flow Non-Default Global Settings                                                                                          ;
+------------------------------------+---------------------------------+---------------+-------------+----------------------+
; Assignment Name                    ; Value                           ; Default Value ; Entity Name ; Section Id           ;
+------------------------------------+---------------------------------+---------------+-------------+----------------------+
; COMPILER_SIGNATURE_ID              ; 211380405384364.145752889504176 ; --            ; --          ; --                   ;
; EDA_DESIGN_ENTRY_SYNTHESIS_TOOL    ; Design Compiler                 ; <None>        ; --          ; --                   ;
; EDA_INPUT_DATA_FORMAT              ; Verilog Hdl                     ; --            ; --          ; eda_design_synthesis ;
; EDA_INPUT_VCC_NAME                 ; Vdd                             ; --            ; --          ; eda_design_synthesis ;
; EDA_LMF_FILE                       ; altsyn.lmf                      ; --            ; --          ; eda_design_synthesis ;
; MAX_CORE_JUNCTION_TEMP             ; 85                              ; --            ; --          ; --                   ;
; MIN_CORE_JUNCTION_TEMP             ; 0                               ; --            ; --          ; --                   ;
; NOMINAL_CORE_SUPPLY_VOLTAGE        ; 1.2V                            ; --            ; --          ; --                   ;
; PARTITION_COLOR                    ; 16764057                        ; --            ; --          ; Top                  ;
; PARTITION_NETLIST_TYPE             ; SOURCE                          ; --            ; --          ; Top                  ;
; USE_GENERATED_PHYSICAL_CONSTRAINTS ; Off                             ; --            ; --          ; eda_blast_fpga       ;
+------------------------------------+---------------------------------+---------------+-------------+----------------------+


+-------------------------------------------------------------------------------------------------------------------------------+
; Flow Elapsed Time                                                                                                             ;
+---------------------------+--------------+-------------------------+---------------------+------------------------------------+
; Module Name               ; Elapsed Time ; Average Processors Used ; Peak Virtual Memory ; Total CPU Time (on all processors) ;
+---------------------------+--------------+-------------------------+---------------------+------------------------------------+
; Analysis & Synthesis      ; 00:00:01     ; 1.0                     ; 201 MB              ; 00:00:01                           ;
; Fitter                    ; 00:00:02     ; 1.0                     ; 249 MB              ; 00:00:03                           ;
; TimeQuest Timing Analyzer ; 00:00:01     ; 1.0                     ; 199 MB              ; 00:00:01                           ;
; Assembler                 ; 00:00:01     ; 1.0                     ; 211 MB              ; 00:00:01                           ;
; Total                     ; 00:00:04     ; --                      ; --                  ; 00:00:05                           ;
+---------------------------+--------------+-------------------------+---------------------+------------------------------------+


+--------------------------------------------------------------------------------------------+
; Flow OS Summary                                                                            ;
+---------------------------+------------------+---------------+------------+----------------+
; Module Name               ; Machine Hostname ; OS Name       ; OS Version ; Processor type ;
+---------------------------+------------------+---------------+------------+----------------+
; Analysis & Synthesis      ; PC-028           ; Windows Vista ; 6.1        ; x86_64         ;
; Fitter                    ; PC-028           ; Windows Vista ; 6.1        ; x86_64         ;
; Assembler                 ; PC-028           ; Windows Vista ; 6.1        ; x86_64         ;
; TimeQuest Timing Analyzer ; PC-028           ; Windows Vista ; 6.1        ; x86_64         ;
+---------------------------+------------------+---------------+------------+----------------+


------------
; Flow Log ;
------------
quartus_map --read_settings_files=on --write_settings_files=off s1031449_lab3 -c s1031449_lab3
quartus_fit --read_settings_files=off --write_settings_files=off s1031449_lab3 -c s1031449_lab3
quartus_asm --read_settings_files=off --write_settings_files=off s1031449_lab3 -c s1031449_lab3
quartus_sta s1031449_lab3 -c s1031449_lab3
quartus_eda --read_settings_files=off --write_settings_files=off s1031449_lab3 -c s1031449_lab3



