Simulator report for s1031449fulladder
Wed Mar 02 20:58:26 2016
Quartus II Version 9.1 Build 304 01/25/2010 Service Pack 1 SJ Web Edition


---------------------
; Table of Contents ;
---------------------
  1. Legal Notice
  2. Simulator Summary
  3. Simulator Settings
  4. Simulation Waveforms
  5. Simulation Signal Activity
  6. Coverage Summary
  7. Complete 1/0-Value Coverage
  8. Missing 1-Value Coverage
  9. Missing 0-Value Coverage
 10. Simulator INI Usage
 11. Simulator Messages



----------------
; Legal Notice ;
----------------
Copyright (C) 1991-2010 Altera Corporation
Your use of Altera Corporation's design tools, logic functions 
and other software and tools, and its AMPP partner logic 
functions, and any output files from any of the foregoing 
(including device programming or simulation files), and any 
associated documentation or information are expressly subject 
to the terms and conditions of the Altera Program License 
Subscription Agreement, Altera MegaCore Function License 
Agreement, or other applicable license agreement, including, 
without limitation, that your use is for the sole purpose of 
programming logic devices manufactured by Altera and sold by 
Altera or its authorized distributors.  Please refer to the 
applicable agreement for further details.



+--------------------------------------------+
; Simulator Summary                          ;
+-----------------------------+--------------+
; Type                        ; Value        ;
+-----------------------------+--------------+
; Simulation Start Time       ; 0 ps         ;
; Simulation End Time         ; 1.0 us       ;
; Simulation Netlist Size     ; 37 nodes     ;
; Simulation Coverage         ;      94.59 % ;
; Total Number of Transitions ; 7851         ;
; Simulation Breakpoints      ; 0            ;
; Family                      ; Cyclone III  ;
+-----------------------------+--------------+


+------------------------------------------------------------------------------------------------------------------------------------+
; Simulator Settings                                                                                                                 ;
+--------------------------------------------------------------------------------------------+-----------------------+---------------+
; Option                                                                                     ; Setting               ; Default Value ;
+--------------------------------------------------------------------------------------------+-----------------------+---------------+
; Simulation mode                                                                            ; Functional            ; Timing        ;
; Start time                                                                                 ; 0 ns                  ; 0 ns          ;
; Simulation results format                                                                  ; CVWF                  ;               ;
; Vector input source                                                                        ; Waveform1.vwf         ;               ;
; Add pins automatically to simulation output waveforms                                      ; On                    ; On            ;
; Check outputs                                                                              ; Off                   ; Off           ;
; Report simulation coverage                                                                 ; On                    ; On            ;
; Display complete 1/0 value coverage report                                                 ; On                    ; On            ;
; Display missing 1-value coverage report                                                    ; On                    ; On            ;
; Display missing 0-value coverage report                                                    ; On                    ; On            ;
; Detect setup and hold time violations                                                      ; Off                   ; Off           ;
; Detect glitches                                                                            ; Off                   ; Off           ;
; Disable timing delays in Timing Simulation                                                 ; Off                   ; Off           ;
; Generate Signal Activity File                                                              ; On                    ; Off           ;
; Signal Activity File output destination                                                    ; s1031449fulladder.saf ;               ;
; Generate VCD File for PowerPlay Power Analyzer                                             ; Off                   ; Off           ;
; Group bus channels in simulation results                                                   ; Off                   ; Off           ;
; Preserve fewer signal transitions to reduce memory requirements                            ; On                    ; On            ;
; Trigger vector comparison with the specified mode                                          ; INPUT_EDGE            ; INPUT_EDGE    ;
; Disable setup and hold time violations detection in input registers of bi-directional pins ; Off                   ; Off           ;
; Overwrite Waveform Inputs With Simulation Outputs                                          ; Off                   ;               ;
; Perform Glitch Filtering in Timing Simulation                                              ; Auto                  ; Auto          ;
; Interconnect Delay Model Type                                                              ; Transport             ; Transport     ;
; Cell Delay Model Type                                                                      ; Transport             ; Transport     ;
+--------------------------------------------------------------------------------------------+-----------------------+---------------+


+----------------------+
; Simulation Waveforms ;
+----------------------+
Waveform report data cannot be output to ASCII.
Please use Quartus II to view the waveform report data.


Start time : 0 ps
End time : 1.0 us
Time duration : 1.0 us

+-------------------------------------------------------------------------------------------------------------------------------------------------------------+
; Simulation Signal Activity                                                                                                                                  ;
+------------------------------------+------------------------------------+------------------+--------------+--------------------+----------------------------+
; Node Name                          ; Output Port Name                   ; Output Port Type ; Toggle Count ; VCC Value Duration ; X (Unknown) Value Duration ;
+------------------------------------+------------------------------------+------------------+--------------+--------------------+----------------------------+
; |s1031449fulladder|a               ; |s1031449fulladder|a               ; out              ;      399.0   ; 500.0 ns           ; 0 ps                       ;
; |s1031449fulladder|a1              ; |s1031449fulladder|a1              ; out              ;      199.0   ; 500.0 ns           ; 0 ps                       ;
; |s1031449fulladder|a2              ; |s1031449fulladder|a2              ; out              ;      133.0   ; 497.5 ns           ; 0 ps                       ;
; |s1031449fulladder|a3              ; |s1031449fulladder|a3              ; out              ;       99.0   ; 500.0 ns           ; 0 ps                       ;
; |s1031449fulladder|b               ; |s1031449fulladder|b               ; out              ;      399.0   ; 500.0 ns           ; 0 ps                       ;
; |s1031449fulladder|b1              ; |s1031449fulladder|b1              ; out              ;      133.0   ; 497.5 ns           ; 0 ps                       ;
; |s1031449fulladder|b2              ; |s1031449fulladder|b2              ; out              ;      199.0   ; 500.0 ns           ; 0 ps                       ;
; |s1031449fulladder|b3              ; |s1031449fulladder|b3              ; out              ;       99.0   ; 500.0 ns           ; 0 ps                       ;
; |s1031449fulladder|c               ; |s1031449fulladder|c               ; pin_out          ;       99.0   ; 500.0 ns           ; 0 ps                       ;
; |s1031449fulladder|d               ; |s1031449fulladder|d               ; pin_out          ;      199.0   ; 250.0 ns           ; 0 ps                       ;
; |s1031449fulladder|e               ; |s1031449fulladder|e               ; out              ;       99.0   ; 500.0 ns           ; 0 ps                       ;
; |s1031449fulladder|c1              ; |s1031449fulladder|c1              ; pin_out          ;      201.0   ; 497.5 ns           ; 0 ps                       ;
; |s1031449fulladder|c2              ; |s1031449fulladder|c2              ; pin_out          ;      201.0   ; 497.5 ns           ; 0 ps                       ;
; |s1031449fulladder|c3              ; |s1031449fulladder|c3              ; pin_out          ;       65.0   ; 82.5 ns            ; 0 ps                       ;
; |s1031449fulladder|d1              ; |s1031449fulladder|d1              ; pin_out          ;      131.0   ; 165.0 ns           ; 0 ps                       ;
; |s1031449fulladder|d2              ; |s1031449fulladder|d2              ; pin_out          ;       65.0   ; 82.5 ns            ; 0 ps                       ;
; |s1031449fulladder|d3              ; |s1031449fulladder|d3              ; pin_out          ;       65.0   ; 82.5 ns            ; 0 ps                       ;
; |s1031449fulladder|top:mod3|Sum~0  ; |s1031449fulladder|top:mod3|Sum~0  ; out0             ;        0.0   ; 0 ps               ; 0 ps                       ;
; |s1031449fulladder|top:mod3|Sum    ; |s1031449fulladder|top:mod3|Sum    ; out0             ;       65.0   ; 82.5 ns            ; 0 ps                       ;
; |s1031449fulladder|top:mod3|Cout~0 ; |s1031449fulladder|top:mod3|Cout~0 ; out0             ;       65.0   ; 82.5 ns            ; 0 ps                       ;
; |s1031449fulladder|top:mod3|Cout   ; |s1031449fulladder|top:mod3|Cout   ; out0             ;       65.0   ; 82.5 ns            ; 0 ps                       ;
; |s1031449fulladder|top:mod2|Sum~0  ; |s1031449fulladder|top:mod2|Sum~0  ; out0             ;      200.0   ; 497.5 ns           ; 0 ps                       ;
; |s1031449fulladder|top:mod2|Sum    ; |s1031449fulladder|top:mod2|Sum    ; out0             ;      201.0   ; 497.5 ns           ; 0 ps                       ;
; |s1031449fulladder|top:mod2|Cout~0 ; |s1031449fulladder|top:mod2|Cout~0 ; out0             ;       65.0   ; 82.5 ns            ; 0 ps                       ;
; |s1031449fulladder|top:mod2|Cout   ; |s1031449fulladder|top:mod2|Cout   ; out0             ;       65.0   ; 82.5 ns            ; 0 ps                       ;
; |s1031449fulladder|top:mod1|Sum~0  ; |s1031449fulladder|top:mod1|Sum~0  ; out0             ;      200.0   ; 497.5 ns           ; 0 ps                       ;
; |s1031449fulladder|top:mod1|Sum    ; |s1031449fulladder|top:mod1|Sum    ; out0             ;      201.0   ; 497.5 ns           ; 0 ps                       ;
; |s1031449fulladder|top:mod1|Cout~0 ; |s1031449fulladder|top:mod1|Cout~0 ; out0             ;      131.0   ; 165.0 ns           ; 0 ps                       ;
; |s1031449fulladder|top:mod1|Cout   ; |s1031449fulladder|top:mod1|Cout   ; out0             ;      131.0   ; 165.0 ns           ; 0 ps                       ;
; |s1031449fulladder|top:mod|Sum~0   ; |s1031449fulladder|top:mod|Sum~0   ; out0             ;        0.0   ; 0 ps               ; 0 ps                       ;
; |s1031449fulladder|top:mod|Sum     ; |s1031449fulladder|top:mod|Sum     ; out0             ;       99.0   ; 500.0 ns           ; 0 ps                       ;
; |s1031449fulladder|top:mod|Cout~0  ; |s1031449fulladder|top:mod|Cout~0  ; out0             ;      199.0   ; 250.0 ns           ; 0 ps                       ;
; |s1031449fulladder|top:mod|Cout    ; |s1031449fulladder|top:mod|Cout    ; out0             ;      199.0   ; 250.0 ns           ; 0 ps                       ;
; |s1031449fulladder|top:mod3|Add0~0 ; |s1031449fulladder|top:mod3|Add0~0 ; out0             ;       99.0   ; 500.0 ns           ; 0 ps                       ;
; |s1031449fulladder|top:mod2|Add0~0 ; |s1031449fulladder|top:mod2|Add0~0 ; out0             ;      199.0   ; 500.0 ns           ; 0 ps                       ;
; |s1031449fulladder|top:mod1|Add0~0 ; |s1031449fulladder|top:mod1|Add0~0 ; out0             ;      133.0   ; 497.5 ns           ; 0 ps                       ;
; |s1031449fulladder|top:mod|Add0~0  ; |s1031449fulladder|top:mod|Add0~0  ; out0             ;      399.0   ; 500.0 ns           ; 0 ps                       ;
+------------------------------------+------------------------------------+------------------+--------------+--------------------+----------------------------+


+--------------------------------------------------------------------+
; Coverage Summary                                                   ;
+-----------------------------------------------------+--------------+
; Type                                                ; Value        ;
+-----------------------------------------------------+--------------+
; Total coverage as a percentage                      ;      94.59 % ;
; Total nodes checked                                 ; 37           ;
; Total output ports checked                          ; 37           ;
; Total output ports with complete 1/0-value coverage ; 35           ;
; Total output ports with no 1/0-value coverage       ; 2            ;
; Total output ports with no 1-value coverage         ; 2            ;
; Total output ports with no 0-value coverage         ; 2            ;
+-----------------------------------------------------+--------------+


The following table displays output ports that toggle between 1 and 0 during simulation.
+--------------------------------------------------------------------------------------------+
; Complete 1/0-Value Coverage                                                                ;
+------------------------------------+------------------------------------+------------------+
; Node Name                          ; Output Port Name                   ; Output Port Type ;
+------------------------------------+------------------------------------+------------------+
; |s1031449fulladder|a               ; |s1031449fulladder|a               ; out              ;
; |s1031449fulladder|a1              ; |s1031449fulladder|a1              ; out              ;
; |s1031449fulladder|a2              ; |s1031449fulladder|a2              ; out              ;
; |s1031449fulladder|a3              ; |s1031449fulladder|a3              ; out              ;
; |s1031449fulladder|b               ; |s1031449fulladder|b               ; out              ;
; |s1031449fulladder|b1              ; |s1031449fulladder|b1              ; out              ;
; |s1031449fulladder|b2              ; |s1031449fulladder|b2              ; out              ;
; |s1031449fulladder|b3              ; |s1031449fulladder|b3              ; out              ;
; |s1031449fulladder|c               ; |s1031449fulladder|c               ; pin_out          ;
; |s1031449fulladder|d               ; |s1031449fulladder|d               ; pin_out          ;
; |s1031449fulladder|e               ; |s1031449fulladder|e               ; out              ;
; |s1031449fulladder|c1              ; |s1031449fulladder|c1              ; pin_out          ;
; |s1031449fulladder|c2              ; |s1031449fulladder|c2              ; pin_out          ;
; |s1031449fulladder|c3              ; |s1031449fulladder|c3              ; pin_out          ;
; |s1031449fulladder|d1              ; |s1031449fulladder|d1              ; pin_out          ;
; |s1031449fulladder|d2              ; |s1031449fulladder|d2              ; pin_out          ;
; |s1031449fulladder|d3              ; |s1031449fulladder|d3              ; pin_out          ;
; |s1031449fulladder|top:mod3|Sum    ; |s1031449fulladder|top:mod3|Sum    ; out0             ;
; |s1031449fulladder|top:mod3|Cout~0 ; |s1031449fulladder|top:mod3|Cout~0 ; out0             ;
; |s1031449fulladder|top:mod3|Cout   ; |s1031449fulladder|top:mod3|Cout   ; out0             ;
; |s1031449fulladder|top:mod2|Sum~0  ; |s1031449fulladder|top:mod2|Sum~0  ; out0             ;
; |s1031449fulladder|top:mod2|Sum    ; |s1031449fulladder|top:mod2|Sum    ; out0             ;
; |s1031449fulladder|top:mod2|Cout~0 ; |s1031449fulladder|top:mod2|Cout~0 ; out0             ;
; |s1031449fulladder|top:mod2|Cout   ; |s1031449fulladder|top:mod2|Cout   ; out0             ;
; |s1031449fulladder|top:mod1|Sum~0  ; |s1031449fulladder|top:mod1|Sum~0  ; out0             ;
; |s1031449fulladder|top:mod1|Sum    ; |s1031449fulladder|top:mod1|Sum    ; out0             ;
; |s1031449fulladder|top:mod1|Cout~0 ; |s1031449fulladder|top:mod1|Cout~0 ; out0             ;
; |s1031449fulladder|top:mod1|Cout   ; |s1031449fulladder|top:mod1|Cout   ; out0             ;
; |s1031449fulladder|top:mod|Sum     ; |s1031449fulladder|top:mod|Sum     ; out0             ;
; |s1031449fulladder|top:mod|Cout~0  ; |s1031449fulladder|top:mod|Cout~0  ; out0             ;
; |s1031449fulladder|top:mod|Cout    ; |s1031449fulladder|top:mod|Cout    ; out0             ;
; |s1031449fulladder|top:mod3|Add0~0 ; |s1031449fulladder|top:mod3|Add0~0 ; out0             ;
; |s1031449fulladder|top:mod2|Add0~0 ; |s1031449fulladder|top:mod2|Add0~0 ; out0             ;
; |s1031449fulladder|top:mod1|Add0~0 ; |s1031449fulladder|top:mod1|Add0~0 ; out0             ;
; |s1031449fulladder|top:mod|Add0~0  ; |s1031449fulladder|top:mod|Add0~0  ; out0             ;
+------------------------------------+------------------------------------+------------------+


The following table displays output ports that do not toggle to 1 during simulation.
+------------------------------------------------------------------------------------------+
; Missing 1-Value Coverage                                                                 ;
+-----------------------------------+-----------------------------------+------------------+
; Node Name                         ; Output Port Name                  ; Output Port Type ;
+-----------------------------------+-----------------------------------+------------------+
; |s1031449fulladder|top:mod3|Sum~0 ; |s1031449fulladder|top:mod3|Sum~0 ; out0             ;
; |s1031449fulladder|top:mod|Sum~0  ; |s1031449fulladder|top:mod|Sum~0  ; out0             ;
+-----------------------------------+-----------------------------------+------------------+


The following table displays output ports that do not toggle to 0 during simulation.
+------------------------------------------------------------------------------------------+
; Missing 0-Value Coverage                                                                 ;
+-----------------------------------+-----------------------------------+------------------+
; Node Name                         ; Output Port Name                  ; Output Port Type ;
+-----------------------------------+-----------------------------------+------------------+
; |s1031449fulladder|top:mod3|Sum~0 ; |s1031449fulladder|top:mod3|Sum~0 ; out0             ;
; |s1031449fulladder|top:mod|Sum~0  ; |s1031449fulladder|top:mod|Sum~0  ; out0             ;
+-----------------------------------+-----------------------------------+------------------+


+---------------------+
; Simulator INI Usage ;
+--------+------------+
; Option ; Usage      ;
+--------+------------+


+--------------------+
; Simulator Messages ;
+--------------------+
Info: *******************************************************************
Info: Running Quartus II Simulator
    Info: Version 9.1 Build 304 01/25/2010 Service Pack 1 SJ Web Edition
    Info: Processing started: Wed Mar 02 20:58:26 2016
Info: Command: quartus_sim --read_settings_files=on --write_settings_files=off s1031449fulladder -c s1031449fulladder
Info: Using vector source file "D:/s1031449full/Waveform1.vwf"
Info: Option to preserve fewer signal transitions to reduce memory requirements is enabled
    Info: Simulation has been partitioned into sub-simulations according to the maximum transition count determined by the engine. Transitions from memory will be flushed out to disk at the end of each sub-simulation to reduce memory requirements.
Info: Simulation partitioned into 1 sub-simulations
Info: Created Signal Activity File D:/s1031449full/s1031449fulladder.saf
Info: Simulation coverage is      94.59 %
Info: Number of transitions in simulation is 7851
Info: Quartus II Simulator was successful. 0 errors, 0 warnings
    Info: Peak virtual memory: 143 megabytes
    Info: Processing ended: Wed Mar 02 20:58:26 2016
    Info: Elapsed time: 00:00:00
    Info: Total CPU time (on all processors): 00:00:00


